[debug] [2019-01-17T02:19:16.340Z] ----------------------------------------------------------------------
[debug] [2019-01-17T02:19:16.343Z] Command:       E:\nodejs\node.exe C:\Users\Jiayi Suo\AppData\Roaming\npm\node_modules\firebase-tools\lib\bin\firebase.js init
[debug] [2019-01-17T02:19:16.343Z] CLI Version:   6.3.0
[debug] [2019-01-17T02:19:16.343Z] Platform:      win32
[debug] [2019-01-17T02:19:16.343Z] Node Version:  v10.13.0
[debug] [2019-01-17T02:19:16.344Z] Time:          Wed Jan 16 2019 20:19:16 GMT-0600 (GMT-06:00)
[debug] [2019-01-17T02:19:16.344Z] ----------------------------------------------------------------------
[debug] 
[debug] [2019-01-17T02:19:16.351Z] > command requires scopes: ["email","openid","https://www.googleapis.com/auth/cloudplatformprojects.readonly","https://www.googleapis.com/auth/firebase","https://www.googleapis.com/auth/cloud-platform"]
[debug] [2019-01-17T02:19:16.352Z] > authorizing via signed-in user
[info] 
     ######## #### ########  ######## ########     ###     ######  ########
     ##        ##  ##     ## ##       ##     ##  ##   ##  ##       ##
     ######    ##  ########  ######   ########  #########  ######  ######
     ##        ##  ##    ##  ##       ##     ## ##     ##       ## ##
     ##       #### ##     ## ######## ########  ##     ##  ######  ########

You're about to initialize a Firebase project in this directory:

  D:\course\473\new-shopping-cart

[info] 
=== Project Setup
[info] 
[info] First, let's associate this project directory with a Firebase project.
[info] You can create multiple project aliases by running firebase use --add, 
[info] but for now we'll just set up a default project.
[info] 
[debug] [2019-01-17T02:19:37.634Z] > refreshing access token with scopes: ["email","https://www.googleapis.com/auth/cloud-platform","https://www.googleapis.com/auth/cloudplatformprojects.readonly","https://www.googleapis.com/auth/firebase","openid"]
[debug] [2019-01-17T02:19:37.634Z] >>> HTTP REQUEST POST https://www.googleapis.com/oauth2/v3/token  
 <request body omitted>
[debug] [2019-01-17T02:19:37.854Z] <<< HTTP RESPONSE 200
[debug] [2019-01-17T02:19:37.863Z] >>> HTTP REQUEST GET https://firebase.googleapis.com/v1beta1/projects?page_size=100  
 
[debug] [2019-01-17T02:19:38.024Z] <<< HTTP RESPONSE 200
[info] 
=== Hosting Setup
[info] 
[info] Your public directory is the folder (relative to your project directory) that
[info] will contain Hosting assets to be uploaded with firebase deploy. If you
[info] have a build process for your assets, use your build's output directory.
[info] 
